<?xml version="1.0" encoding="UTF-8"?>
<testsuite xmlns:xsi="http://www.w3.org/2001/XMLSchema-instance" xsi:noNamespaceSchemaLocation="https://maven.apache.org/surefire/maven-surefire-plugin/xsd/surefire-test-report.xsd" name="com.huijia.AppTest" time="0.049" tests="1" errors="0" skipped="0" failures="0">
  <properties>
    <property name="sun.desktop" value="windows"/>
    <property name="awt.toolkit" value="sun.awt.windows.WToolkit"/>
    <property name="file.encoding.pkg" value="sun.io"/>
    <property name="java.specification.version" value="1.8"/>
    <property name="sun.cpu.isalist" value="amd64"/>
    <property name="sun.jnu.encoding" value="GBK"/>
    <property name="java.class.path" value="E:\New\Newtaotao\ecsys\ecsystemcommon\target\test-classes;E:\New\Newtaotao\ecsys\ecsystemcommon\target\classes;E:\JAVA\repository\joda-time\joda-time\2.5\joda-time-2.5.jar;E:\JAVA\repository\org\apache\commons\commons-lang3\3.3.2\commons-lang3-3.3.2.jar;E:\JAVA\repository\commons-io\commons-io\1.3.2\commons-io-1.3.2.jar;E:\JAVA\repository\commons-net\commons-net\3.3\commons-net-3.3.jar;E:\JAVA\repository\com\fasterxml\jackson\core\jackson-databind\2.4.2\jackson-databind-2.4.2.jar;E:\JAVA\repository\com\fasterxml\jackson\core\jackson-annotations\2.4.0\jackson-annotations-2.4.0.jar;E:\JAVA\repository\com\fasterxml\jackson\core\jackson-core\2.4.2\jackson-core-2.4.2.jar;E:\JAVA\repository\org\apache\httpcomponents\httpclient\4.3.5\httpclient-4.3.5.jar;E:\JAVA\repository\org\apache\httpcomponents\httpcore\4.3.2\httpcore-4.3.2.jar;E:\JAVA\repository\commons-logging\commons-logging\1.1.3\commons-logging-1.1.3.jar;E:\JAVA\repository\commons-codec\commons-codec\1.6\commons-codec-1.6.jar;E:\JAVA\repository\org\quartz-scheduler\quartz\2.2.2\quartz-2.2.2.jar;E:\JAVA\repository\c3p0\c3p0\0.9.1.1\c3p0-0.9.1.1.jar;E:\JAVA\repository\org\slf4j\slf4j-api\1.7.7\slf4j-api-1.7.7.jar;E:\JAVA\repository\junit\junit\4.12\junit-4.12.jar;E:\JAVA\repository\org\hamcrest\hamcrest-core\1.3\hamcrest-core-1.3.jar;E:\JAVA\repository\org\slf4j\slf4j-log4j12\1.6.4\slf4j-log4j12-1.6.4.jar;E:\JAVA\repository\log4j\log4j\1.2.16\log4j-1.2.16.jar;E:\JAVA\repository\javax\servlet\servlet-api\2.5\servlet-api-2.5.jar;"/>
    <property name="java.vm.vendor" value="Oracle Corporation"/>
    <property name="sun.arch.data.model" value="64"/>
    <property name="user.variant" value=""/>
    <property name="java.vendor.url" value="http://java.oracle.com/"/>
    <property name="user.timezone" value=""/>
    <property name="java.vm.specification.version" value="1.8"/>
    <property name="os.name" value="Windows 10"/>
    <property name="user.country" value="CN"/>
    <property name="sun.java.launcher" value="SUN_STANDARD"/>
    <property name="sun.boot.library.path" value="C:\Program Files\Java\jdk1.8.0_131\jre\bin"/>
    <property name="sun.java.command" value="C:\Users\000290\AppData\Local\Temp\surefire8609184493727115842\surefirebooter3190033437927361568.jar C:\Users\000290\AppData\Local\Temp\surefire8609184493727115842 2018-04-11T17-50-28_003-jvmRun1 surefire8210644595054222465tmp surefire_05140288355091199527tmp"/>
    <property name="surefire.test.class.path" value="E:\New\Newtaotao\ecsys\ecsystemcommon\target\test-classes;E:\New\Newtaotao\ecsys\ecsystemcommon\target\classes;E:\JAVA\repository\joda-time\joda-time\2.5\joda-time-2.5.jar;E:\JAVA\repository\org\apache\commons\commons-lang3\3.3.2\commons-lang3-3.3.2.jar;E:\JAVA\repository\commons-io\commons-io\1.3.2\commons-io-1.3.2.jar;E:\JAVA\repository\commons-net\commons-net\3.3\commons-net-3.3.jar;E:\JAVA\repository\com\fasterxml\jackson\core\jackson-databind\2.4.2\jackson-databind-2.4.2.jar;E:\JAVA\repository\com\fasterxml\jackson\core\jackson-annotations\2.4.0\jackson-annotations-2.4.0.jar;E:\JAVA\repository\com\fasterxml\jackson\core\jackson-core\2.4.2\jackson-core-2.4.2.jar;E:\JAVA\repository\org\apache\httpcomponents\httpclient\4.3.5\httpclient-4.3.5.jar;E:\JAVA\repository\org\apache\httpcomponents\httpcore\4.3.2\httpcore-4.3.2.jar;E:\JAVA\repository\commons-logging\commons-logging\1.1.3\commons-logging-1.1.3.jar;E:\JAVA\repository\commons-codec\commons-codec\1.6\commons-codec-1.6.jar;E:\JAVA\repository\org\quartz-scheduler\quartz\2.2.2\quartz-2.2.2.jar;E:\JAVA\repository\c3p0\c3p0\0.9.1.1\c3p0-0.9.1.1.jar;E:\JAVA\repository\org\slf4j\slf4j-api\1.7.7\slf4j-api-1.7.7.jar;E:\JAVA\repository\junit\junit\4.12\junit-4.12.jar;E:\JAVA\repository\org\hamcrest\hamcrest-core\1.3\hamcrest-core-1.3.jar;E:\JAVA\repository\org\slf4j\slf4j-log4j12\1.6.4\slf4j-log4j12-1.6.4.jar;E:\JAVA\repository\log4j\log4j\1.2.16\log4j-1.2.16.jar;E:\JAVA\repository\javax\servlet\servlet-api\2.5\servlet-api-2.5.jar;"/>
    <property name="sun.cpu.endian" value="little"/>
    <property name="user.home" value="C:\Users\000290"/>
    <property name="user.language" value="zh"/>
    <property name="java.specification.vendor" value="Oracle Corporation"/>
    <property name="java.home" value="C:\Program Files\Java\jdk1.8.0_131\jre"/>
    <property name="basedir" value="E:\New\Newtaotao\ecsys\ecsystemcommon"/>
    <property name="file.separator" value="\"/>
    <property name="line.separator" value="&#10;"/>
    <property name="java.vm.specification.vendor" value="Oracle Corporation"/>
    <property name="java.specification.name" value="Java Platform API Specification"/>
    <property name="java.awt.graphicsenv" value="sun.awt.Win32GraphicsEnvironment"/>
    <property name="surefire.real.class.path" value="C:\Users\000290\AppData\Local\Temp\surefire8609184493727115842\surefirebooter3190033437927361568.jar"/>
    <property name="sun.boot.class.path" value="C:\Program Files\Java\jdk1.8.0_131\jre\lib\resources.jar;C:\Program Files\Java\jdk1.8.0_131\jre\lib\rt.jar;C:\Program Files\Java\jdk1.8.0_131\jre\lib\sunrsasign.jar;C:\Program Files\Java\jdk1.8.0_131\jre\lib\jsse.jar;C:\Program Files\Java\jdk1.8.0_131\jre\lib\jce.jar;C:\Program Files\Java\jdk1.8.0_131\jre\lib\charsets.jar;C:\Program Files\Java\jdk1.8.0_131\jre\lib\jfr.jar;C:\Program Files\Java\jdk1.8.0_131\jre\classes"/>
    <property name="user.script" value=""/>
    <property name="sun.management.compiler" value="HotSpot 64-Bit Tiered Compilers"/>
    <property name="java.runtime.version" value="1.8.0_131-b11"/>
    <property name="user.name" value="000290"/>
    <property name="path.separator" value=";"/>
    <property name="os.version" value="10.0"/>
    <property name="java.endorsed.dirs" value="C:\Program Files\Java\jdk1.8.0_131\jre\lib\endorsed"/>
    <property name="java.runtime.name" value="Java(TM) SE Runtime Environment"/>
    <property name="file.encoding" value="GBK"/>
    <property name="java.vm.name" value="Java HotSpot(TM) 64-Bit Server VM"/>
    <property name="localRepository" value="E:\JAVA\repository"/>
    <property name="java.vendor.url.bug" value="http://bugreport.sun.com/bugreport/"/>
    <property name="java.io.tmpdir" value="C:\Users\000290\AppData\Local\Temp\"/>
    <property name="idea.version" value="2017.1.5"/>
    <property name="java.version" value="1.8.0_131"/>
    <property name="user.dir" value="E:\New\Newtaotao\ecsys\ecsystemcommon"/>
    <property name="os.arch" value="amd64"/>
    <property name="java.vm.specification.name" value="Java Virtual Machine Specification"/>
    <property name="java.awt.printerjob" value="sun.awt.windows.WPrinterJob"/>
    <property name="sun.os.patch.level" value=""/>
    <property name="java.library.path" value="C:\Program Files\Java\jdk1.8.0_131\jre\bin;C:\Windows\Sun\Java\bin;C:\Windows\system32;C:\Windows;C:\ProgramData\Oracle\Java\javapath;C:\Windows\system32;C:\Windows;C:\Windows\System32\Wbem;C:\Windows\System32\WindowsPowerShell\v1.0\;C:\Program Files (x86)\Windows Kits\8.1\Windows Performance Toolkit\;C:\Program Files\Microsoft SQL Server\110\Tools\Binn\;C:\Program Files (x86)\Microsoft SDKs\TypeScript\1.0\;C:\Program Files\Microsoft SQL Server\120\Tools\Binn\;C:\Program Files\TortoiseSVN\bin;C:\Program Files\Microsoft SQL Server\120\DTS\Binn\;C:\Program Files\Microsoft SQL Server\Client SDK\ODBC\110\Tools\Binn\;C:\Program Files (x86)\Microsoft SQL Server\120\Tools\Binn\;C:\Program Files (x86)\Microsoft SQL Server\120\DTS\Binn\;C:\Program Files (x86)\Microsoft SQL Server\120\Tools\Binn\ManagementStudio\;C:\Windows\system32\config\systemprofile\.dnx\bin;C:\Program Files\Microsoft DNX\Dnvm\;C:\Program Files\Microsoft SQL Server\130\Tools\Binn\;C:\Program Files\Git\cmd;%JAVA_HOME%\bin;%JAVA_HOME%\jre\bin;%MAVEN_HOME%\bin;C:\Program Files\MySQL\MySQL Utilities 1.6\;C:\Program Files\TortoiseGit\bin;C:\Users\000290\AppData\Local\Microsoft\WindowsApps;;."/>
    <property name="java.vm.info" value="mixed mode"/>
    <property name="java.vendor" value="Oracle Corporation"/>
    <property name="java.vm.version" value="25.131-b11"/>
    <property name="java.ext.dirs" value="C:\Program Files\Java\jdk1.8.0_131\jre\lib\ext;C:\Windows\Sun\Java\lib\ext"/>
    <property name="sun.io.unicode.encoding" value="UnicodeLittle"/>
    <property name="java.class.version" value="52.0"/>
  </properties>
  <testcase name="shouldAnswerWithTrue" classname="com.huijia.AppTest" time="0"/>
</testsuite>